<?xml version="1.0" encoding="UTF-8"?>
<testng-results ignored="0" total="1" passed="1" failed="0" skipped="0">
  <reporter-output>
  </reporter-output>
  <suite started-at="2018-12-29T15:58:11Z" name="Suite" finished-at="2018-12-29T15:58:17Z" duration-ms="5287">
    <groups>
    </groups>
    <test started-at="2018-12-29T15:58:11Z" name="Test" finished-at="2018-12-29T15:58:17Z" duration-ms="5287">
      <class name="com.MavenTestNG.BaseClass">
        <test-method signature="setup()[pri:0, instance:com.MavenTestNG.BaseClass@429bffaa]" started-at="2018-12-29T15:58:11Z" name="setup" finished-at="2018-12-29T15:58:17Z" duration-ms="5256" status="PASS">
          <reporter-output>
          </reporter-output>
        </test-method> <!-- setup -->
      </class> <!-- com.MavenTestNG.BaseClass -->
    </test> <!-- Test -->
  </suite> <!-- Suite -->
</testng-results>
